0 verbose cli /Volumes/PortableSSD/SystemBackup/opt/homebrew/Cellar/node/25.4.0/bin/node /Volumes/PortableSSD/SystemBackup/opt/homebrew/lib/node_modules/npm/bin/npm-cli.js
1 info using npm@11.7.0
2 info using node@v25.4.0
3 silly config load:file:/Volumes/PortableSSD/SystemBackup/opt/homebrew/lib/node_modules/npm/npmrc
4 silly config load:file:/Users/alpci/.npmrc
5 silly config load:file:/opt/homebrew/etc/npmrc
6 verbose title npm exec block-no-verify@1.1.2
7 verbose argv "exec" "--" "block-no-verify@1.1.2"
8 verbose logfile logs-max:10 dir:/Users/alpci/Desktop/wellness-backend/WellnessAPI/Controllers/.npm-cache/_logs/2026-04-10T16_27_17_853Z-
9 verbose logfile /Users/alpci/Desktop/wellness-backend/WellnessAPI/Controllers/.npm-cache/_logs/2026-04-10T16_27_17_853Z-debug-0.log
10 silly logfile done cleaning log files
11 silly packumentCache heap:2348810240 maxSize:587202560 maxEntrySize:293601280
12 http fetch GET 200 https://registry.npmjs.org/block-no-verify 123ms (cache miss)
13 silly packumentCache heap:2348810240 maxSize:587202560 maxEntrySize:293601280
14 http fetch GET 200 https://registry.npmjs.org/npm 271ms
15 silly packumentCache heap:2348810240 maxSize:587202560 maxEntrySize:293601280
16 warn exec The following package was not found and will be installed: block-no-verify@1.1.2
17 silly idealTree buildDeps
18 silly fetch manifest block-no-verify@1.1.2
19 silly packumentCache full:https://registry.npmjs.org/block-no-verify cache-miss
20 http fetch GET 200 https://registry.npmjs.org/block-no-verify 248ms (cache miss)
21 silly packumentCache full:https://registry.npmjs.org/block-no-verify set size:undefined disposed:false
22 silly placeDep ROOT block-no-verify@1.1.2 OK for:  want: 1.1.2
23 silly reify moves {}
24 silly audit bulk request { 'block-no-verify': [ '1.1.2' ] }
25 http cache block-no-verify@https://registry.npmjs.org/block-no-verify/-/block-no-verify-1.1.2.tgz 0ms (cache hit)
26 silly tarball no local data for block-no-verify@https://registry.npmjs.org/block-no-verify/-/block-no-verify-1.1.2.tgz. Extracting by manifest.
27 http fetch GET 200 https://registry.npmjs.org/block-no-verify/-/block-no-verify-1.1.2.tgz 87ms (cache miss)
28 http fetch POST 200 https://registry.npmjs.org/-/npm/v1/security/advisories/bulk 249ms
29 silly audit report {}
30 verbose cwd /Users/alpci/Desktop/wellness-backend/WellnessAPI/Controllers
31 verbose os Darwin 25.3.0
32 verbose node v25.4.0
33 verbose npm  v11.7.0
34 notice
34 notice New minor version of npm available! 11.7.0 -> 11.12.1
34 notice Changelog: https://github.com/npm/cli/releases/tag/v11.12.1
34 notice To update run: npm install -g npm@11.12.1
34 notice  { force: true, Symbol(proc-log.meta): true }
35 verbose exit 0
36 info ok
